2024-09-03 00:01:04 [restartedMain] INFO  c.u.prettylogs.PrettylogsApplication - Starting PrettylogsApplication using Java 17.0.12 with PID 12892 (C:\Users\Dhiraj Chaudhari\Documents\Hackathon2K24\prettylogs\prettylogs\target\classes started by Dhiraj Chaudhari in C:\Users\Dhiraj Chaudhari\Documents\Hackathon2K24\prettylogs\prettylogs)
2024-09-03 00:01:04 [restartedMain] DEBUG c.u.prettylogs.PrettylogsApplication - Running with Spring Boot v3.3.3, Spring v6.1.12
2024-09-03 00:01:04 [restartedMain] INFO  c.u.prettylogs.PrettylogsApplication - No active profile set, falling back to 1 default profile: "default"
2024-09-03 00:01:04 [restartedMain] INFO  o.s.b.d.e.DevToolsPropertyDefaultsPostProcessor - Devtools property defaults active! Set 'spring.devtools.add-properties' to 'false' to disable
2024-09-03 00:01:04 [restartedMain] INFO  o.s.b.d.e.DevToolsPropertyDefaultsPostProcessor - For additional web related logging consider setting the 'logging.level.web' property to 'DEBUG'
2024-09-03 00:01:05 [restartedMain] INFO  o.s.b.w.e.tomcat.TomcatWebServer - Tomcat initialized with port 8080 (http)
2024-09-03 00:01:05 [restartedMain] INFO  o.a.catalina.core.StandardService - Starting service [Tomcat]
2024-09-03 00:01:05 [restartedMain] INFO  o.a.catalina.core.StandardEngine - Starting Servlet engine: [Apache Tomcat/10.1.28]
2024-09-03 00:01:05 [restartedMain] INFO  o.a.c.c.C.[Tomcat].[localhost].[/] - Initializing Spring embedded WebApplicationContext
2024-09-03 00:01:05 [restartedMain] INFO  o.s.b.w.s.c.ServletWebServerApplicationContext - Root WebApplicationContext: initialization completed in 1015 ms
2024-09-03 00:01:05 [restartedMain] WARN  o.s.b.w.s.c.AnnotationConfigServletWebServerApplicationContext - Exception encountered during context initialization - cancelling refresh attempt: org.springframework.beans.factory.UnsatisfiedDependencyException: Error creating bean with name 'prettylogsApplication': Unsatisfied dependency expressed through field 'codeAnalysisService': Error creating bean with name 'codeAnalysisService' defined in file [C:\Users\Dhiraj Chaudhari\Documents\Hackathon2K24\prettylogs\prettylogs\target\classes\com\ubs\prettylogs\service\CodeAnalysisService.class]: Unsatisfied dependency expressed through constructor parameter 0: Error creating bean with name 'logRulesConfig': Could not bind properties to 'LogRulesConfig' : prefix=log, ignoreInvalidFields=false, ignoreUnknownFields=true
2024-09-03 00:01:05 [restartedMain] INFO  o.a.catalina.core.StandardService - Stopping service [Tomcat]
2024-09-03 00:01:05 [restartedMain] INFO  o.s.b.a.l.ConditionEvaluationReportLogger - 

Error starting ApplicationContext. To display the condition evaluation report re-run your application with 'debug' enabled.
2024-09-03 00:01:05 [restartedMain] ERROR o.s.b.d.LoggingFailureAnalysisReporter - 

***************************
APPLICATION FAILED TO START
***************************

Description:

Binding to target [Bindable@1f14ebd6 type = java.util.List<com.ubs.prettylogs.config.LogRulesConfig$Rule>, value = 'provided', annotations = array<Annotation>[[empty]], bindMethod = [null]] failed:

    Property: log.rules[1].description
    Value: "Log messages should not contain hard-coded strings."
    Origin: class path resource [application.properties] - 27:26
    Reason: The elements [log.rules[1].description,log.rules[1].enabled,log.rules[1].forbiddenpatterns,log.rules[1].name,log.rules[1].type,log.rules[2].allowedlevels,log.rules[2].description,log.rules[2].enabled,log.rules[2].name,log.rules[2].type,log.rules[3].description,log.rules[3].enabled,log.rules[3].maxoccurrences,log.rules[3].name,log.rules[3].type,log.rules[4].description,log.rules[4].enabled,log.rules[4].name,log.rules[4].type] were left unbound.
    Property: log.rules[1].enabled
    Value: "true"
    Origin: class path resource [application.properties] - 28:22
    Reason: The elements [log.rules[1].description,log.rules[1].enabled,log.rules[1].forbiddenpatterns,log.rules[1].name,log.rules[1].type,log.rules[2].allowedlevels,log.rules[2].description,log.rules[2].enabled,log.rules[2].name,log.rules[2].type,log.rules[3].description,log.rules[3].enabled,log.rules[3].maxoccurrences,log.rules[3].name,log.rules[3].type,log.rules[4].description,log.rules[4].enabled,log.rules[4].name,log.rules[4].type] were left unbound.
    Property: log.rules[1].forbiddenpatterns
    Value: ""^".*"$""
    Origin: class path resource [application.properties] - 30:32
    Reason: The elements [log.rules[1].description,log.rules[1].enabled,log.rules[1].forbiddenpatterns,log.rules[1].name,log.rules[1].type,log.rules[2].allowedlevels,log.rules[2].description,log.rules[2].enabled,log.rules[2].name,log.rules[2].type,log.rules[3].description,log.rules[3].enabled,log.rules[3].maxoccurrences,log.rules[3].name,log.rules[3].type,log.rules[4].description,log.rules[4].enabled,log.rules[4].name,log.rules[4].type] were left unbound.
    Property: log.rules[1].name
    Value: "NoHardCodedStrings"
    Origin: class path resource [application.properties] - 26:19
    Reason: The elements [log.rules[1].description,log.rules[1].enabled,log.rules[1].forbiddenpatterns,log.rules[1].name,log.rules[1].type,log.rules[2].allowedlevels,log.rules[2].description,log.rules[2].enabled,log.rules[2].name,log.rules[2].type,log.rules[3].description,log.rules[3].enabled,log.rules[3].maxoccurrences,log.rules[3].name,log.rules[3].type,log.rules[4].description,log.rules[4].enabled,log.rules[4].name,log.rules[4].type] were left unbound.
    Property: log.rules[1].type
    Value: "string"
    Origin: class path resource [application.properties] - 29:19
    Reason: The elements [log.rules[1].description,log.rules[1].enabled,log.rules[1].forbiddenpatterns,log.rules[1].name,log.rules[1].type,log.rules[2].allowedlevels,log.rules[2].description,log.rules[2].enabled,log.rules[2].name,log.rules[2].type,log.rules[3].description,log.rules[3].enabled,log.rules[3].maxoccurrences,log.rules[3].name,log.rules[3].type,log.rules[4].description,log.rules[4].enabled,log.rules[4].name,log.rules[4].type] were left unbound.
    Property: log.rules[2].allowedlevels
    Value: "info,debug,warn,error"
    Origin: class path resource [application.properties] - 36:28
    Reason: The elements [log.rules[1].description,log.rules[1].enabled,log.rules[1].forbiddenpatterns,log.rules[1].name,log.rules[1].type,log.rules[2].allowedlevels,log.rules[2].description,log.rules[2].enabled,log.rules[2].name,log.rules[2].type,log.rules[3].description,log.rules[3].enabled,log.rules[3].maxoccurrences,log.rules[3].name,log.rules[3].type,log.rules[4].description,log.rules[4].enabled,log.rules[4].name,log.rules[4].type] were left unbound.
    Property: log.rules[2].description
    Value: "Logs must use appropriate log levels."
    Origin: class path resource [application.properties] - 33:26
    Reason: The elements [log.rules[1].description,log.rules[1].enabled,log.rules[1].forbiddenpatterns,log.rules[1].name,log.rules[1].type,log.rules[2].allowedlevels,log.rules[2].description,log.rules[2].enabled,log.rules[2].name,log.rules[2].type,log.rules[3].description,log.rules[3].enabled,log.rules[3].maxoccurrences,log.rules[3].name,log.rules[3].type,log.rules[4].description,log.rules[4].enabled,log.rules[4].name,log.rules[4].type] were left unbound.
    Property: log.rules[2].enabled
    Value: "true"
    Origin: class path resource [application.properties] - 34:22
    Reason: The elements [log.rules[1].description,log.rules[1].enabled,log.rules[1].forbiddenpatterns,log.rules[1].name,log.rules[1].type,log.rules[2].allowedlevels,log.rules[2].description,log.rules[2].enabled,log.rules[2].name,log.rules[2].type,log.rules[3].description,log.rules[3].enabled,log.rules[3].maxoccurrences,log.rules[3].name,log.rules[3].type,log.rules[4].description,log.rules[4].enabled,log.rules[4].name,log.rules[4].type] were left unbound.
    Property: log.rules[2].name
    Value: "ProperLogLevel"
    Origin: class path resource [application.properties] - 32:19
    Reason: The elements [log.rules[1].description,log.rules[1].enabled,log.rules[1].forbiddenpatterns,log.rules[1].name,log.rules[1].type,log.rules[2].allowedlevels,log.rules[2].description,log.rules[2].enabled,log.rules[2].name,log.rules[2].type,log.rules[3].description,log.rules[3].enabled,log.rules[3].maxoccurrences,log.rules[3].name,log.rules[3].type,log.rules[4].description,log.rules[4].enabled,log.rules[4].name,log.rules[4].type] were left unbound.
    Property: log.rules[2].type
    Value: "level"
    Origin: class path resource [application.properties] - 35:19
    Reason: The elements [log.rules[1].description,log.rules[1].enabled,log.rules[1].forbiddenpatterns,log.rules[1].name,log.rules[1].type,log.rules[2].allowedlevels,log.rules[2].description,log.rules[2].enabled,log.rules[2].name,log.rules[2].type,log.rules[3].description,log.rules[3].enabled,log.rules[3].maxoccurrences,log.rules[3].name,log.rules[3].type,log.rules[4].description,log.rules[4].enabled,log.rules[4].name,log.rules[4].type] were left unbound.
    Property: log.rules[3].description
    Value: "Avoid excessive logging in loops or high-frequency operations."
    Origin: class path resource [application.properties] - 39:26
    Reason: The elements [log.rules[1].description,log.rules[1].enabled,log.rules[1].forbiddenpatterns,log.rules[1].name,log.rules[1].type,log.rules[2].allowedlevels,log.rules[2].description,log.rules[2].enabled,log.rules[2].name,log.rules[2].type,log.rules[3].description,log.rules[3].enabled,log.rules[3].maxoccurrences,log.rules[3].name,log.rules[3].type,log.rules[4].description,log.rules[4].enabled,log.rules[4].name,log.rules[4].type] were left unbound.
    Property: log.rules[3].enabled
    Value: "true"
    Origin: class path resource [application.properties] - 40:22
    Reason: The elements [log.rules[1].description,log.rules[1].enabled,log.rules[1].forbiddenpatterns,log.rules[1].name,log.rules[1].type,log.rules[2].allowedlevels,log.rules[2].description,log.rules[2].enabled,log.rules[2].name,log.rules[2].type,log.rules[3].description,log.rules[3].enabled,log.rules[3].maxoccurrences,log.rules[3].name,log.rules[3].type,log.rules[4].description,log.rules[4].enabled,log.rules[4].name,log.rules[4].type] were left unbound.
    Property: log.rules[3].maxoccurrences
    Value: "10"
    Origin: class path resource [application.properties] - 42:29
    Reason: The elements [log.rules[1].description,log.rules[1].enabled,log.rules[1].forbiddenpatterns,log.rules[1].name,log.rules[1].type,log.rules[2].allowedlevels,log.rules[2].description,log.rules[2].enabled,log.rules[2].name,log.rules[2].type,log.rules[3].description,log.rules[3].enabled,log.rules[3].maxoccurrences,log.rules[3].name,log.rules[3].type,log.rules[4].description,log.rules[4].enabled,log.rules[4].name,log.rules[4].type] were left unbound.
    Property: log.rules[3].name
    Value: "AvoidExcessiveLogging"
    Origin: class path resource [application.properties] - 38:19
    Reason: The elements [log.rules[1].description,log.rules[1].enabled,log.rules[1].forbiddenpatterns,log.rules[1].name,log.rules[1].type,log.rules[2].allowedlevels,log.rules[2].description,log.rules[2].enabled,log.rules[2].name,log.rules[2].type,log.rules[3].description,log.rules[3].enabled,log.rules[3].maxoccurrences,log.rules[3].name,log.rules[3].type,log.rules[4].description,log.rules[4].enabled,log.rules[4].name,log.rules[4].type] were left unbound.
    Property: log.rules[3].type
    Value: "frequency"
    Origin: class path resource [application.properties] - 41:19
    Reason: The elements [log.rules[1].description,log.rules[1].enabled,log.rules[1].forbiddenpatterns,log.rules[1].name,log.rules[1].type,log.rules[2].allowedlevels,log.rules[2].description,log.rules[2].enabled,log.rules[2].name,log.rules[2].type,log.rules[3].description,log.rules[3].enabled,log.rules[3].maxoccurrences,log.rules[3].name,log.rules[3].type,log.rules[4].description,log.rules[4].enabled,log.rules[4].name,log.rules[4].type] were left unbound.
    Property: log.rules[4].description
    Value: "Ensure exceptions are logged with stack traces."
    Origin: class path resource [application.properties] - 45:26
    Reason: The elements [log.rules[1].description,log.rules[1].enabled,log.rules[1].forbiddenpatterns,log.rules[1].name,log.rules[1].type,log.rules[2].allowedlevels,log.rules[2].description,log.rules[2].enabled,log.rules[2].name,log.rules[2].type,log.rules[3].description,log.rules[3].enabled,log.rules[3].maxoccurrences,log.rules[3].name,log.rules[3].type,log.rules[4].description,log.rules[4].enabled,log.rules[4].name,log.rules[4].type] were left unbound.
    Property: log.rules[4].enabled
    Value: "true"
    Origin: class path resource [application.properties] - 46:22
    Reason: The elements [log.rules[1].description,log.rules[1].enabled,log.rules[1].forbiddenpatterns,log.rules[1].name,log.rules[1].type,log.rules[2].allowedlevels,log.rules[2].description,log.rules[2].enabled,log.rules[2].name,log.rules[2].type,log.rules[3].description,log.rules[3].enabled,log.rules[3].maxoccurrences,log.rules[3].name,log.rules[3].type,log.rules[4].description,log.rules[4].enabled,log.rules[4].name,log.rules[4].type] were left unbound.
    Property: log.rules[4].name
    Value: "ExceptionLogging"
    Origin: class path resource [application.properties] - 44:19
    Reason: The elements [log.rules[1].description,log.rules[1].enabled,log.rules[1].forbiddenpatterns,log.rules[1].name,log.rules[1].type,log.rules[2].allowedlevels,log.rules[2].description,log.rules[2].enabled,log.rules[2].name,log.rules[2].type,log.rules[3].description,log.rules[3].enabled,log.rules[3].maxoccurrences,log.rules[3].name,log.rules[3].type,log.rules[4].description,log.rules[4].enabled,log.rules[4].name,log.rules[4].type] were left unbound.
    Property: log.rules[4].type
    Value: "exception"
    Origin: class path resource [application.properties] - 47:19
    Reason: The elements [log.rules[1].description,log.rules[1].enabled,log.rules[1].forbiddenpatterns,log.rules[1].name,log.rules[1].type,log.rules[2].allowedlevels,log.rules[2].description,log.rules[2].enabled,log.rules[2].name,log.rules[2].type,log.rules[3].description,log.rules[3].enabled,log.rules[3].maxoccurrences,log.rules[3].name,log.rules[3].type,log.rules[4].description,log.rules[4].enabled,log.rules[4].name,log.rules[4].type] were left unbound.

Action:

Update your application's configuration

2024-09-03 00:01:38 [restartedMain] INFO  c.u.prettylogs.PrettylogsApplication - Starting PrettylogsApplication using Java 17.0.12 with PID 21420 (C:\Users\Dhiraj Chaudhari\Documents\Hackathon2K24\prettylogs\prettylogs\target\classes started by Dhiraj Chaudhari in C:\Users\Dhiraj Chaudhari\Documents\Hackathon2K24\prettylogs\prettylogs)
2024-09-03 00:01:38 [restartedMain] DEBUG c.u.prettylogs.PrettylogsApplication - Running with Spring Boot v3.3.3, Spring v6.1.12
2024-09-03 00:01:38 [restartedMain] INFO  c.u.prettylogs.PrettylogsApplication - No active profile set, falling back to 1 default profile: "default"
2024-09-03 00:01:38 [restartedMain] INFO  o.s.b.d.e.DevToolsPropertyDefaultsPostProcessor - Devtools property defaults active! Set 'spring.devtools.add-properties' to 'false' to disable
2024-09-03 00:01:38 [restartedMain] INFO  o.s.b.d.e.DevToolsPropertyDefaultsPostProcessor - For additional web related logging consider setting the 'logging.level.web' property to 'DEBUG'
2024-09-03 00:01:39 [restartedMain] INFO  o.s.b.w.e.tomcat.TomcatWebServer - Tomcat initialized with port 8080 (http)
2024-09-03 00:01:39 [restartedMain] INFO  o.a.catalina.core.StandardService - Starting service [Tomcat]
2024-09-03 00:01:39 [restartedMain] INFO  o.a.catalina.core.StandardEngine - Starting Servlet engine: [Apache Tomcat/10.1.28]
2024-09-03 00:01:40 [restartedMain] INFO  o.a.c.c.C.[Tomcat].[localhost].[/] - Initializing Spring embedded WebApplicationContext
2024-09-03 00:01:40 [restartedMain] INFO  o.s.b.w.s.c.ServletWebServerApplicationContext - Root WebApplicationContext: initialization completed in 1118 ms
2024-09-03 00:01:40 [restartedMain] INFO  c.ubs.prettylogs.service.LogTester - Info log is running!
2024-09-03 00:01:40 [restartedMain] DEBUG c.ubs.prettylogs.service.LogTester - Debug log is running!
2024-09-03 00:01:40 [restartedMain] ERROR c.ubs.prettylogs.service.LogTester - Error! null
2024-09-03 00:01:40 [restartedMain] INFO  c.ubs.prettylogs.service.LogTester - 
2024-09-03 00:01:40 [restartedMain] INFO  o.s.b.d.a.OptionalLiveReloadServer - LiveReload server is running on port 35729
2024-09-03 00:01:40 [restartedMain] INFO  o.s.b.w.e.tomcat.TomcatWebServer - Tomcat started on port 8080 (http) with context path '/'
2024-09-03 00:01:40 [restartedMain] INFO  c.u.prettylogs.PrettylogsApplication - Started PrettylogsApplication in 2.283 seconds (process running for 2.702)
2024-09-03 00:08:52 [restartedMain] INFO  c.u.prettylogs.PrettylogsApplication - Starting PrettylogsApplication using Java 17.0.12 with PID 27100 (C:\Users\Dhiraj Chaudhari\Documents\Hackathon2K24\prettylogs\prettylogs\target\classes started by Dhiraj Chaudhari in C:\Users\Dhiraj Chaudhari\Documents\Hackathon2K24\prettylogs\prettylogs)
2024-09-03 00:08:52 [restartedMain] DEBUG c.u.prettylogs.PrettylogsApplication - Running with Spring Boot v3.3.3, Spring v6.1.12
2024-09-03 00:08:52 [restartedMain] INFO  c.u.prettylogs.PrettylogsApplication - No active profile set, falling back to 1 default profile: "default"
2024-09-03 00:08:52 [restartedMain] INFO  o.s.b.d.e.DevToolsPropertyDefaultsPostProcessor - Devtools property defaults active! Set 'spring.devtools.add-properties' to 'false' to disable
2024-09-03 00:08:52 [restartedMain] INFO  o.s.b.d.e.DevToolsPropertyDefaultsPostProcessor - For additional web related logging consider setting the 'logging.level.web' property to 'DEBUG'
2024-09-03 00:08:53 [restartedMain] INFO  o.s.b.w.e.tomcat.TomcatWebServer - Tomcat initialized with port 8080 (http)
2024-09-03 00:08:53 [restartedMain] INFO  o.a.catalina.core.StandardService - Starting service [Tomcat]
2024-09-03 00:08:53 [restartedMain] INFO  o.a.catalina.core.StandardEngine - Starting Servlet engine: [Apache Tomcat/10.1.28]
2024-09-03 00:08:54 [restartedMain] INFO  o.a.c.c.C.[Tomcat].[localhost].[/] - Initializing Spring embedded WebApplicationContext
2024-09-03 00:08:54 [restartedMain] INFO  o.s.b.w.s.c.ServletWebServerApplicationContext - Root WebApplicationContext: initialization completed in 1123 ms
2024-09-03 00:08:54 [restartedMain] INFO  c.ubs.prettylogs.service.LogTester - Info log is running!
2024-09-03 00:08:54 [restartedMain] DEBUG c.ubs.prettylogs.service.LogTester - Debug log is running!
2024-09-03 00:08:54 [restartedMain] ERROR c.ubs.prettylogs.service.LogTester - Error! null
2024-09-03 00:08:54 [restartedMain] INFO  c.ubs.prettylogs.service.LogTester - 
2024-09-03 00:08:54 [restartedMain] INFO  o.s.b.d.a.OptionalLiveReloadServer - LiveReload server is running on port 35729
2024-09-03 00:08:54 [restartedMain] INFO  o.s.b.w.e.tomcat.TomcatWebServer - Tomcat started on port 8080 (http) with context path '/'
2024-09-03 00:08:54 [restartedMain] INFO  c.u.prettylogs.PrettylogsApplication - Started PrettylogsApplication in 2.328 seconds (process running for 2.76)
2024-09-03 00:13:40 [restartedMain] INFO  c.u.prettylogs.PrettylogsApplication - Starting PrettylogsApplication using Java 17.0.12 with PID 7904 (C:\Users\Dhiraj Chaudhari\Documents\Hackathon2K24\prettylogs\prettylogs\target\classes started by Dhiraj Chaudhari in C:\Users\Dhiraj Chaudhari\Documents\Hackathon2K24\prettylogs\prettylogs)
2024-09-03 00:13:40 [restartedMain] DEBUG c.u.prettylogs.PrettylogsApplication - Running with Spring Boot v3.3.3, Spring v6.1.12
2024-09-03 00:13:40 [restartedMain] INFO  c.u.prettylogs.PrettylogsApplication - No active profile set, falling back to 1 default profile: "default"
2024-09-03 00:13:40 [restartedMain] INFO  o.s.b.d.e.DevToolsPropertyDefaultsPostProcessor - Devtools property defaults active! Set 'spring.devtools.add-properties' to 'false' to disable
2024-09-03 00:13:40 [restartedMain] INFO  o.s.b.d.e.DevToolsPropertyDefaultsPostProcessor - For additional web related logging consider setting the 'logging.level.web' property to 'DEBUG'
2024-09-03 00:13:41 [restartedMain] INFO  o.s.b.w.e.tomcat.TomcatWebServer - Tomcat initialized with port 8080 (http)
2024-09-03 00:13:41 [restartedMain] INFO  o.a.catalina.core.StandardService - Starting service [Tomcat]
2024-09-03 00:13:41 [restartedMain] INFO  o.a.catalina.core.StandardEngine - Starting Servlet engine: [Apache Tomcat/10.1.28]
2024-09-03 00:13:41 [restartedMain] INFO  o.a.c.c.C.[Tomcat].[localhost].[/] - Initializing Spring embedded WebApplicationContext
2024-09-03 00:13:41 [restartedMain] INFO  o.s.b.w.s.c.ServletWebServerApplicationContext - Root WebApplicationContext: initialization completed in 865 ms
2024-09-03 00:13:41 [restartedMain] INFO  c.ubs.prettylogs.service.LogTester - Info log is running!
2024-09-03 00:13:41 [restartedMain] DEBUG c.ubs.prettylogs.service.LogTester - Debug log is running!
2024-09-03 00:13:41 [restartedMain] ERROR c.ubs.prettylogs.service.LogTester - Error! null
2024-09-03 00:13:41 [restartedMain] INFO  c.ubs.prettylogs.service.LogTester - 
2024-09-03 00:13:41 [restartedMain] INFO  o.s.b.d.a.OptionalLiveReloadServer - LiveReload server is running on port 35729
2024-09-03 00:13:41 [restartedMain] INFO  o.s.b.w.e.tomcat.TomcatWebServer - Tomcat started on port 8080 (http) with context path '/'
2024-09-03 00:13:41 [restartedMain] INFO  c.u.prettylogs.PrettylogsApplication - Started PrettylogsApplication in 1.899 seconds (process running for 2.354)
2024-09-03 00:14:27 [restartedMain] INFO  c.u.prettylogs.PrettylogsApplication - Starting PrettylogsApplication using Java 17.0.12 with PID 16720 (C:\Users\Dhiraj Chaudhari\Documents\Hackathon2K24\prettylogs\prettylogs\target\classes started by Dhiraj Chaudhari in C:\Users\Dhiraj Chaudhari\Documents\Hackathon2K24\prettylogs\prettylogs)
2024-09-03 00:14:27 [restartedMain] DEBUG c.u.prettylogs.PrettylogsApplication - Running with Spring Boot v3.3.3, Spring v6.1.12
2024-09-03 00:14:27 [restartedMain] INFO  c.u.prettylogs.PrettylogsApplication - No active profile set, falling back to 1 default profile: "default"
2024-09-03 00:14:27 [restartedMain] INFO  o.s.b.d.e.DevToolsPropertyDefaultsPostProcessor - Devtools property defaults active! Set 'spring.devtools.add-properties' to 'false' to disable
2024-09-03 00:14:27 [restartedMain] INFO  o.s.b.d.e.DevToolsPropertyDefaultsPostProcessor - For additional web related logging consider setting the 'logging.level.web' property to 'DEBUG'
2024-09-03 00:14:28 [restartedMain] INFO  o.s.b.w.e.tomcat.TomcatWebServer - Tomcat initialized with port 8080 (http)
2024-09-03 00:14:28 [restartedMain] INFO  o.a.catalina.core.StandardService - Starting service [Tomcat]
2024-09-03 00:14:28 [restartedMain] INFO  o.a.catalina.core.StandardEngine - Starting Servlet engine: [Apache Tomcat/10.1.28]
2024-09-03 00:14:28 [restartedMain] INFO  o.a.c.c.C.[Tomcat].[localhost].[/] - Initializing Spring embedded WebApplicationContext
2024-09-03 00:14:28 [restartedMain] INFO  o.s.b.w.s.c.ServletWebServerApplicationContext - Root WebApplicationContext: initialization completed in 890 ms
2024-09-03 00:14:28 [restartedMain] INFO  c.ubs.prettylogs.service.LogTester - Info log is running!
2024-09-03 00:14:28 [restartedMain] DEBUG c.ubs.prettylogs.service.LogTester - Debug log is running!
2024-09-03 00:14:28 [restartedMain] ERROR c.ubs.prettylogs.service.LogTester - Error! null
2024-09-03 00:14:28 [restartedMain] INFO  c.ubs.prettylogs.service.LogTester - 
2024-09-03 00:14:29 [restartedMain] INFO  o.s.b.d.a.OptionalLiveReloadServer - LiveReload server is running on port 35729
2024-09-03 00:14:29 [restartedMain] INFO  o.s.b.w.e.tomcat.TomcatWebServer - Tomcat started on port 8080 (http) with context path '/'
2024-09-03 00:14:29 [restartedMain] INFO  c.u.prettylogs.PrettylogsApplication - Started PrettylogsApplication in 1.97 seconds (process running for 2.362)
2024-09-03 12:15:35 [restartedMain] INFO  c.u.prettylogs.PrettylogsApplication - Starting PrettylogsApplication using Java 17.0.12 with PID 13400 (C:\Users\Dhiraj Chaudhari\Documents\Hackathon2K24\prettylogs\prettylogs\target\classes started by Dhiraj Chaudhari in C:\Users\Dhiraj Chaudhari\Documents\Hackathon2K24\prettylogs\prettylogs)
2024-09-03 12:15:35 [restartedMain] DEBUG c.u.prettylogs.PrettylogsApplication - Running with Spring Boot v3.3.3, Spring v6.1.12
2024-09-03 12:15:35 [restartedMain] INFO  c.u.prettylogs.PrettylogsApplication - No active profile set, falling back to 1 default profile: "default"
2024-09-03 12:15:35 [restartedMain] INFO  o.s.b.d.e.DevToolsPropertyDefaultsPostProcessor - Devtools property defaults active! Set 'spring.devtools.add-properties' to 'false' to disable
2024-09-03 12:15:36 [restartedMain] INFO  o.s.b.d.e.DevToolsPropertyDefaultsPostProcessor - For additional web related logging consider setting the 'logging.level.web' property to 'DEBUG'
2024-09-03 12:15:36 [restartedMain] INFO  o.s.b.w.e.tomcat.TomcatWebServer - Tomcat initialized with port 8080 (http)
2024-09-03 12:15:36 [restartedMain] INFO  o.a.catalina.core.StandardService - Starting service [Tomcat]
2024-09-03 12:15:36 [restartedMain] INFO  o.a.catalina.core.StandardEngine - Starting Servlet engine: [Apache Tomcat/10.1.28]
2024-09-03 12:15:37 [restartedMain] INFO  o.a.c.c.C.[Tomcat].[localhost].[/] - Initializing Spring embedded WebApplicationContext
2024-09-03 12:15:37 [restartedMain] INFO  o.s.b.w.s.c.ServletWebServerApplicationContext - Root WebApplicationContext: initialization completed in 1057 ms
2024-09-03 12:15:37 [restartedMain] INFO  c.ubs.prettylogs.service.LogTester - Info log is running!
2024-09-03 12:15:37 [restartedMain] DEBUG c.ubs.prettylogs.service.LogTester - Debug log is running!
2024-09-03 12:15:37 [restartedMain] ERROR c.ubs.prettylogs.service.LogTester - Error! null
2024-09-03 12:15:37 [restartedMain] INFO  c.ubs.prettylogs.service.LogTester - 
2024-09-03 12:15:37 [restartedMain] INFO  c.ubs.prettylogs.service.LogTester - Operation completed successfully, userId=123, requestId=abc123
2024-09-03 12:15:37 [restartedMain] INFO  c.ubs.prettylogs.service.LogTester - Operation completed successfully, userId=123
2024-09-03 12:15:37 [restartedMain] INFO  o.s.b.d.a.OptionalLiveReloadServer - LiveReload server is running on port 35729
2024-09-03 12:15:37 [restartedMain] INFO  o.s.b.w.e.tomcat.TomcatWebServer - Tomcat started on port 8080 (http) with context path '/'
2024-09-03 12:15:37 [restartedMain] INFO  c.u.prettylogs.PrettylogsApplication - Started PrettylogsApplication in 2.269 seconds (process running for 2.8)
2024-09-03 12:24:31 [restartedMain] INFO  c.u.prettylogs.PrettylogsApplication - Starting PrettylogsApplication using Java 17.0.12 with PID 13048 (C:\Users\Dhiraj Chaudhari\Documents\Hackathon2K24\prettylogs\prettylogs\target\classes started by Dhiraj Chaudhari in C:\Users\Dhiraj Chaudhari\Documents\Hackathon2K24\prettylogs\prettylogs)
2024-09-03 12:24:31 [restartedMain] DEBUG c.u.prettylogs.PrettylogsApplication - Running with Spring Boot v3.3.3, Spring v6.1.12
2024-09-03 12:24:31 [restartedMain] INFO  c.u.prettylogs.PrettylogsApplication - No active profile set, falling back to 1 default profile: "default"
2024-09-03 12:24:31 [restartedMain] INFO  o.s.b.d.e.DevToolsPropertyDefaultsPostProcessor - Devtools property defaults active! Set 'spring.devtools.add-properties' to 'false' to disable
2024-09-03 12:24:31 [restartedMain] INFO  o.s.b.d.e.DevToolsPropertyDefaultsPostProcessor - For additional web related logging consider setting the 'logging.level.web' property to 'DEBUG'
2024-09-03 12:24:32 [restartedMain] INFO  o.s.b.w.e.tomcat.TomcatWebServer - Tomcat initialized with port 8080 (http)
2024-09-03 12:24:32 [restartedMain] INFO  o.a.catalina.core.StandardService - Starting service [Tomcat]
2024-09-03 12:24:32 [restartedMain] INFO  o.a.catalina.core.StandardEngine - Starting Servlet engine: [Apache Tomcat/10.1.28]
2024-09-03 12:24:32 [restartedMain] INFO  o.a.c.c.C.[Tomcat].[localhost].[/] - Initializing Spring embedded WebApplicationContext
2024-09-03 12:24:32 [restartedMain] INFO  o.s.b.w.s.c.ServletWebServerApplicationContext - Root WebApplicationContext: initialization completed in 977 ms
2024-09-03 12:24:33 [restartedMain] INFO  c.ubs.prettylogs.service.LogTester - Operation completed successfully, userId=123, requestId=abc123
2024-09-03 12:24:33 [restartedMain] ERROR c.ubs.prettylogs.service.LogTester - test error
2024-09-03 12:24:33 [restartedMain] INFO  o.s.b.d.a.OptionalLiveReloadServer - LiveReload server is running on port 35729
2024-09-03 12:24:33 [restartedMain] INFO  o.s.b.w.e.tomcat.TomcatWebServer - Tomcat started on port 8080 (http) with context path '/'
2024-09-03 12:24:33 [restartedMain] INFO  c.u.prettylogs.PrettylogsApplication - Started PrettylogsApplication in 2.097 seconds (process running for 2.497)
2024-09-03 12:25:16 [restartedMain] INFO  c.u.prettylogs.PrettylogsApplication - Starting PrettylogsApplication using Java 17.0.12 with PID 4264 (C:\Users\Dhiraj Chaudhari\Documents\Hackathon2K24\prettylogs\prettylogs\target\classes started by Dhiraj Chaudhari in C:\Users\Dhiraj Chaudhari\Documents\Hackathon2K24\prettylogs\prettylogs)
2024-09-03 12:25:16 [restartedMain] DEBUG c.u.prettylogs.PrettylogsApplication - Running with Spring Boot v3.3.3, Spring v6.1.12
2024-09-03 12:25:16 [restartedMain] INFO  c.u.prettylogs.PrettylogsApplication - No active profile set, falling back to 1 default profile: "default"
2024-09-03 12:25:16 [restartedMain] INFO  o.s.b.d.e.DevToolsPropertyDefaultsPostProcessor - Devtools property defaults active! Set 'spring.devtools.add-properties' to 'false' to disable
2024-09-03 12:25:16 [restartedMain] INFO  o.s.b.d.e.DevToolsPropertyDefaultsPostProcessor - For additional web related logging consider setting the 'logging.level.web' property to 'DEBUG'
2024-09-03 12:25:17 [restartedMain] INFO  o.s.b.w.e.tomcat.TomcatWebServer - Tomcat initialized with port 8080 (http)
2024-09-03 12:25:17 [restartedMain] INFO  o.a.catalina.core.StandardService - Starting service [Tomcat]
2024-09-03 12:25:17 [restartedMain] INFO  o.a.catalina.core.StandardEngine - Starting Servlet engine: [Apache Tomcat/10.1.28]
2024-09-03 12:25:17 [restartedMain] INFO  o.a.c.c.C.[Tomcat].[localhost].[/] - Initializing Spring embedded WebApplicationContext
2024-09-03 12:25:17 [restartedMain] INFO  o.s.b.w.s.c.ServletWebServerApplicationContext - Root WebApplicationContext: initialization completed in 958 ms
2024-09-03 12:25:17 [restartedMain] INFO  c.ubs.prettylogs.service.LogTester - Operation completed successfully, userId=123, requestId=abc123
2024-09-03 12:25:17 [restartedMain] INFO  c.ubs.prettylogs.service.LogTester - test error
2024-09-03 12:25:18 [restartedMain] INFO  o.s.b.d.a.OptionalLiveReloadServer - LiveReload server is running on port 35729
2024-09-03 12:25:18 [restartedMain] INFO  o.s.b.w.e.tomcat.TomcatWebServer - Tomcat started on port 8080 (http) with context path '/'
2024-09-03 12:25:18 [restartedMain] INFO  c.u.prettylogs.PrettylogsApplication - Started PrettylogsApplication in 2.03 seconds (process running for 2.411)
2024-09-03 12:26:46 [restartedMain] INFO  c.u.prettylogs.PrettylogsApplication - Starting PrettylogsApplication using Java 17.0.12 with PID 17136 (C:\Users\Dhiraj Chaudhari\Documents\Hackathon2K24\prettylogs\prettylogs\target\classes started by Dhiraj Chaudhari in C:\Users\Dhiraj Chaudhari\Documents\Hackathon2K24\prettylogs\prettylogs)
2024-09-03 12:26:46 [restartedMain] DEBUG c.u.prettylogs.PrettylogsApplication - Running with Spring Boot v3.3.3, Spring v6.1.12
2024-09-03 12:26:46 [restartedMain] INFO  c.u.prettylogs.PrettylogsApplication - No active profile set, falling back to 1 default profile: "default"
2024-09-03 12:26:46 [restartedMain] INFO  o.s.b.d.e.DevToolsPropertyDefaultsPostProcessor - Devtools property defaults active! Set 'spring.devtools.add-properties' to 'false' to disable
2024-09-03 12:26:46 [restartedMain] INFO  o.s.b.d.e.DevToolsPropertyDefaultsPostProcessor - For additional web related logging consider setting the 'logging.level.web' property to 'DEBUG'
2024-09-03 12:26:47 [restartedMain] INFO  o.s.b.w.e.tomcat.TomcatWebServer - Tomcat initialized with port 8080 (http)
2024-09-03 12:26:47 [restartedMain] INFO  o.a.catalina.core.StandardService - Starting service [Tomcat]
2024-09-03 12:26:47 [restartedMain] INFO  o.a.catalina.core.StandardEngine - Starting Servlet engine: [Apache Tomcat/10.1.28]
2024-09-03 12:26:47 [restartedMain] INFO  o.a.c.c.C.[Tomcat].[localhost].[/] - Initializing Spring embedded WebApplicationContext
2024-09-03 12:26:47 [restartedMain] INFO  o.s.b.w.s.c.ServletWebServerApplicationContext - Root WebApplicationContext: initialization completed in 939 ms
2024-09-03 12:26:48 [restartedMain] INFO  c.ubs.prettylogs.service.LogTester - Operation completed successfully, userId=123, requestId=abc123
2024-09-03 12:26:48 [restartedMain] ERROR c.ubs.prettylogs.service.LogTester - test error
2024-09-03 12:26:48 [restartedMain] INFO  o.s.b.d.a.OptionalLiveReloadServer - LiveReload server is running on port 35729
2024-09-03 12:26:48 [restartedMain] INFO  o.s.b.w.e.tomcat.TomcatWebServer - Tomcat started on port 8080 (http) with context path '/'
2024-09-03 12:26:48 [restartedMain] INFO  c.u.prettylogs.PrettylogsApplication - Started PrettylogsApplication in 2.02 seconds (process running for 2.402)
2024-09-03 12:40:01 [restartedMain] INFO  c.u.prettylogs.PrettylogsApplication - Starting PrettylogsApplication using Java 17.0.12 with PID 24972 (C:\Users\Dhiraj Chaudhari\Documents\Hackathon2K24\prettylogs\prettylogs\target\classes started by Dhiraj Chaudhari in C:\Users\Dhiraj Chaudhari\Documents\Hackathon2K24\prettylogs\prettylogs)
2024-09-03 12:40:01 [restartedMain] DEBUG c.u.prettylogs.PrettylogsApplication - Running with Spring Boot v3.3.3, Spring v6.1.12
2024-09-03 12:40:01 [restartedMain] INFO  c.u.prettylogs.PrettylogsApplication - No active profile set, falling back to 1 default profile: "default"
2024-09-03 12:40:01 [restartedMain] INFO  o.s.b.d.e.DevToolsPropertyDefaultsPostProcessor - Devtools property defaults active! Set 'spring.devtools.add-properties' to 'false' to disable
2024-09-03 12:40:01 [restartedMain] INFO  o.s.b.d.e.DevToolsPropertyDefaultsPostProcessor - For additional web related logging consider setting the 'logging.level.web' property to 'DEBUG'
2024-09-03 12:40:02 [restartedMain] INFO  o.s.b.w.e.tomcat.TomcatWebServer - Tomcat initialized with port 8080 (http)
2024-09-03 12:40:02 [restartedMain] INFO  o.a.catalina.core.StandardService - Starting service [Tomcat]
2024-09-03 12:40:02 [restartedMain] INFO  o.a.catalina.core.StandardEngine - Starting Servlet engine: [Apache Tomcat/10.1.28]
2024-09-03 12:40:02 [restartedMain] INFO  o.a.c.c.C.[Tomcat].[localhost].[/] - Initializing Spring embedded WebApplicationContext
2024-09-03 12:40:02 [restartedMain] INFO  o.s.b.w.s.c.ServletWebServerApplicationContext - Root WebApplicationContext: initialization completed in 933 ms
2024-09-03 12:40:03 [restartedMain] INFO  o.s.b.d.a.OptionalLiveReloadServer - LiveReload server is running on port 35729
2024-09-03 12:40:03 [restartedMain] INFO  o.s.b.w.e.tomcat.TomcatWebServer - Tomcat started on port 8080 (http) with context path '/'
2024-09-03 12:40:03 [restartedMain] INFO  c.u.prettylogs.PrettylogsApplication - Started PrettylogsApplication in 1.996 seconds (process running for 2.422)
2024-09-03 12:47:45 [restartedMain] INFO  c.u.prettylogs.PrettylogsApplication - Starting PrettylogsApplication using Java 17.0.12 with PID 1836 (C:\Users\Dhiraj Chaudhari\Documents\Hackathon2K24\prettylogs\prettylogs\target\classes started by Dhiraj Chaudhari in C:\Users\Dhiraj Chaudhari\Documents\Hackathon2K24\prettylogs\prettylogs)
2024-09-03 12:47:45 [restartedMain] DEBUG c.u.prettylogs.PrettylogsApplication - Running with Spring Boot v3.3.3, Spring v6.1.12
2024-09-03 12:47:45 [restartedMain] INFO  c.u.prettylogs.PrettylogsApplication - No active profile set, falling back to 1 default profile: "default"
2024-09-03 12:47:45 [restartedMain] INFO  o.s.b.d.e.DevToolsPropertyDefaultsPostProcessor - Devtools property defaults active! Set 'spring.devtools.add-properties' to 'false' to disable
2024-09-03 12:47:45 [restartedMain] INFO  o.s.b.d.e.DevToolsPropertyDefaultsPostProcessor - For additional web related logging consider setting the 'logging.level.web' property to 'DEBUG'
2024-09-03 12:47:46 [restartedMain] INFO  o.s.b.w.e.tomcat.TomcatWebServer - Tomcat initialized with port 8080 (http)
2024-09-03 12:47:46 [restartedMain] INFO  o.a.catalina.core.StandardService - Starting service [Tomcat]
2024-09-03 12:47:46 [restartedMain] INFO  o.a.catalina.core.StandardEngine - Starting Servlet engine: [Apache Tomcat/10.1.28]
2024-09-03 12:47:46 [restartedMain] INFO  o.a.c.c.C.[Tomcat].[localhost].[/] - Initializing Spring embedded WebApplicationContext
2024-09-03 12:47:46 [restartedMain] INFO  o.s.b.w.s.c.ServletWebServerApplicationContext - Root WebApplicationContext: initialization completed in 1029 ms
2024-09-03 12:47:47 [restartedMain] INFO  o.s.b.d.a.OptionalLiveReloadServer - LiveReload server is running on port 35729
2024-09-03 12:47:47 [restartedMain] INFO  o.s.b.w.e.tomcat.TomcatWebServer - Tomcat started on port 8080 (http) with context path '/'
2024-09-03 12:47:47 [restartedMain] INFO  c.u.prettylogs.PrettylogsApplication - Started PrettylogsApplication in 2.304 seconds (process running for 2.718)
2024-09-03 12:50:26 [restartedMain] INFO  c.u.prettylogs.PrettylogsApplication - Starting PrettylogsApplication using Java 17.0.12 with PID 11788 (C:\Users\Dhiraj Chaudhari\Documents\Hackathon2K24\prettylogs\prettylogs\target\classes started by Dhiraj Chaudhari in C:\Users\Dhiraj Chaudhari\Documents\Hackathon2K24\prettylogs\prettylogs)
2024-09-03 12:50:26 [restartedMain] DEBUG c.u.prettylogs.PrettylogsApplication - Running with Spring Boot v3.3.3, Spring v6.1.12
2024-09-03 12:50:26 [restartedMain] INFO  c.u.prettylogs.PrettylogsApplication - No active profile set, falling back to 1 default profile: "default"
2024-09-03 12:50:26 [restartedMain] INFO  o.s.b.d.e.DevToolsPropertyDefaultsPostProcessor - Devtools property defaults active! Set 'spring.devtools.add-properties' to 'false' to disable
2024-09-03 12:50:26 [restartedMain] INFO  o.s.b.d.e.DevToolsPropertyDefaultsPostProcessor - For additional web related logging consider setting the 'logging.level.web' property to 'DEBUG'
2024-09-03 12:50:27 [restartedMain] INFO  o.s.b.w.e.tomcat.TomcatWebServer - Tomcat initialized with port 8080 (http)
2024-09-03 12:50:27 [restartedMain] INFO  o.a.catalina.core.StandardService - Starting service [Tomcat]
2024-09-03 12:50:27 [restartedMain] INFO  o.a.catalina.core.StandardEngine - Starting Servlet engine: [Apache Tomcat/10.1.28]
2024-09-03 12:50:27 [restartedMain] INFO  o.a.c.c.C.[Tomcat].[localhost].[/] - Initializing Spring embedded WebApplicationContext
2024-09-03 12:50:27 [restartedMain] INFO  o.s.b.w.s.c.ServletWebServerApplicationContext - Root WebApplicationContext: initialization completed in 1054 ms
2024-09-03 12:50:27 [restartedMain] INFO  o.s.b.d.a.OptionalLiveReloadServer - LiveReload server is running on port 35729
2024-09-03 12:50:27 [restartedMain] INFO  o.s.b.w.e.tomcat.TomcatWebServer - Tomcat started on port 8080 (http) with context path '/'
2024-09-03 12:50:27 [restartedMain] INFO  c.u.prettylogs.PrettylogsApplication - Started PrettylogsApplication in 2.383 seconds (process running for 2.777)
2024-09-03 15:19:58 [restartedMain] INFO  c.u.prettylogs.PrettylogsApplication - Starting PrettylogsApplication using Java 17.0.12 with PID 26256 (C:\Users\Dhiraj Chaudhari\Documents\Hackathon2K24\prettylogs\prettylogs\target\classes started by Dhiraj Chaudhari in C:\Users\Dhiraj Chaudhari\Documents\Hackathon2K24\prettylogs\prettylogs)
2024-09-03 15:19:58 [restartedMain] DEBUG c.u.prettylogs.PrettylogsApplication - Running with Spring Boot v3.3.3, Spring v6.1.12
2024-09-03 15:19:58 [restartedMain] INFO  c.u.prettylogs.PrettylogsApplication - No active profile set, falling back to 1 default profile: "default"
2024-09-03 15:19:58 [restartedMain] INFO  o.s.b.d.e.DevToolsPropertyDefaultsPostProcessor - Devtools property defaults active! Set 'spring.devtools.add-properties' to 'false' to disable
2024-09-03 15:19:58 [restartedMain] INFO  o.s.b.d.e.DevToolsPropertyDefaultsPostProcessor - For additional web related logging consider setting the 'logging.level.web' property to 'DEBUG'
2024-09-03 15:19:59 [restartedMain] INFO  o.s.b.w.e.tomcat.TomcatWebServer - Tomcat initialized with port 8080 (http)
2024-09-03 15:19:59 [restartedMain] INFO  o.a.catalina.core.StandardService - Starting service [Tomcat]
2024-09-03 15:19:59 [restartedMain] INFO  o.a.catalina.core.StandardEngine - Starting Servlet engine: [Apache Tomcat/10.1.28]
2024-09-03 15:19:59 [restartedMain] INFO  o.a.c.c.C.[Tomcat].[localhost].[/] - Initializing Spring embedded WebApplicationContext
2024-09-03 15:19:59 [restartedMain] INFO  o.s.b.w.s.c.ServletWebServerApplicationContext - Root WebApplicationContext: initialization completed in 1032 ms
2024-09-03 15:20:00 [restartedMain] INFO  o.s.b.d.a.OptionalLiveReloadServer - LiveReload server is running on port 35729
2024-09-03 15:20:00 [restartedMain] INFO  o.s.b.w.e.tomcat.TomcatWebServer - Tomcat started on port 8080 (http) with context path '/'
2024-09-03 15:20:00 [restartedMain] INFO  c.u.prettylogs.PrettylogsApplication - Started PrettylogsApplication in 2.206 seconds (process running for 2.635)
2024-09-03 15:21:45 [restartedMain] INFO  c.u.prettylogs.PrettylogsApplication - Starting PrettylogsApplication using Java 17.0.12 with PID 12340 (C:\Users\Dhiraj Chaudhari\Documents\Hackathon2K24\prettylogs\prettylogs\target\classes started by Dhiraj Chaudhari in C:\Users\Dhiraj Chaudhari\Documents\Hackathon2K24\prettylogs\prettylogs)
2024-09-03 15:21:45 [restartedMain] DEBUG c.u.prettylogs.PrettylogsApplication - Running with Spring Boot v3.3.3, Spring v6.1.12
2024-09-03 15:21:45 [restartedMain] INFO  c.u.prettylogs.PrettylogsApplication - No active profile set, falling back to 1 default profile: "default"
2024-09-03 15:21:45 [restartedMain] INFO  o.s.b.d.e.DevToolsPropertyDefaultsPostProcessor - Devtools property defaults active! Set 'spring.devtools.add-properties' to 'false' to disable
2024-09-03 15:21:45 [restartedMain] INFO  o.s.b.d.e.DevToolsPropertyDefaultsPostProcessor - For additional web related logging consider setting the 'logging.level.web' property to 'DEBUG'
2024-09-03 15:21:46 [restartedMain] INFO  o.s.b.w.e.tomcat.TomcatWebServer - Tomcat initialized with port 8080 (http)
2024-09-03 15:21:46 [restartedMain] INFO  o.a.catalina.core.StandardService - Starting service [Tomcat]
2024-09-03 15:21:46 [restartedMain] INFO  o.a.catalina.core.StandardEngine - Starting Servlet engine: [Apache Tomcat/10.1.28]
2024-09-03 15:21:47 [restartedMain] INFO  o.a.c.c.C.[Tomcat].[localhost].[/] - Initializing Spring embedded WebApplicationContext
2024-09-03 15:21:47 [restartedMain] INFO  o.s.b.w.s.c.ServletWebServerApplicationContext - Root WebApplicationContext: initialization completed in 1017 ms
2024-09-03 15:21:47 [restartedMain] INFO  o.s.b.d.a.OptionalLiveReloadServer - LiveReload server is running on port 35729
2024-09-03 15:21:47 [restartedMain] INFO  o.s.b.w.e.tomcat.TomcatWebServer - Tomcat started on port 8080 (http) with context path '/'
2024-09-03 15:21:47 [restartedMain] INFO  c.u.prettylogs.PrettylogsApplication - Started PrettylogsApplication in 2.256 seconds (process running for 2.764)
2024-09-03 15:23:33 [restartedMain] INFO  c.u.prettylogs.PrettylogsApplication - Starting PrettylogsApplication using Java 17.0.12 with PID 19556 (C:\Users\Dhiraj Chaudhari\Documents\Hackathon2K24\prettylogs\prettylogs\target\classes started by Dhiraj Chaudhari in C:\Users\Dhiraj Chaudhari\Documents\Hackathon2K24\prettylogs\prettylogs)
2024-09-03 15:23:33 [restartedMain] DEBUG c.u.prettylogs.PrettylogsApplication - Running with Spring Boot v3.3.3, Spring v6.1.12
2024-09-03 15:23:33 [restartedMain] INFO  c.u.prettylogs.PrettylogsApplication - No active profile set, falling back to 1 default profile: "default"
2024-09-03 15:23:33 [restartedMain] INFO  o.s.b.d.e.DevToolsPropertyDefaultsPostProcessor - Devtools property defaults active! Set 'spring.devtools.add-properties' to 'false' to disable
2024-09-03 15:23:33 [restartedMain] INFO  o.s.b.d.e.DevToolsPropertyDefaultsPostProcessor - For additional web related logging consider setting the 'logging.level.web' property to 'DEBUG'
2024-09-03 15:23:34 [restartedMain] INFO  o.s.b.w.e.tomcat.TomcatWebServer - Tomcat initialized with port 8080 (http)
2024-09-03 15:23:34 [restartedMain] INFO  o.a.catalina.core.StandardService - Starting service [Tomcat]
2024-09-03 15:23:34 [restartedMain] INFO  o.a.catalina.core.StandardEngine - Starting Servlet engine: [Apache Tomcat/10.1.28]
2024-09-03 15:23:34 [restartedMain] INFO  o.a.c.c.C.[Tomcat].[localhost].[/] - Initializing Spring embedded WebApplicationContext
2024-09-03 15:23:34 [restartedMain] INFO  o.s.b.w.s.c.ServletWebServerApplicationContext - Root WebApplicationContext: initialization completed in 1098 ms
2024-09-03 15:23:34 [restartedMain] INFO  o.s.b.d.a.OptionalLiveReloadServer - LiveReload server is running on port 35729
2024-09-03 15:23:35 [restartedMain] INFO  o.s.b.w.e.tomcat.TomcatWebServer - Tomcat started on port 8080 (http) with context path '/'
2024-09-03 15:23:35 [restartedMain] INFO  c.u.prettylogs.PrettylogsApplication - Started PrettylogsApplication in 2.337 seconds (process running for 2.909)
2024-09-03 15:33:15 [restartedMain] INFO  c.u.prettylogs.PrettylogsApplication - Starting PrettylogsApplication using Java 17.0.12 with PID 25084 (C:\Users\Dhiraj Chaudhari\Documents\Hackathon2K24\prettylogs\prettylogs\target\classes started by Dhiraj Chaudhari in C:\Users\Dhiraj Chaudhari\Documents\Hackathon2K24\prettylogs\prettylogs)
2024-09-03 15:33:15 [restartedMain] DEBUG c.u.prettylogs.PrettylogsApplication - Running with Spring Boot v3.3.3, Spring v6.1.12
2024-09-03 15:33:15 [restartedMain] INFO  c.u.prettylogs.PrettylogsApplication - No active profile set, falling back to 1 default profile: "default"
2024-09-03 15:33:15 [restartedMain] INFO  o.s.b.d.e.DevToolsPropertyDefaultsPostProcessor - Devtools property defaults active! Set 'spring.devtools.add-properties' to 'false' to disable
2024-09-03 15:33:15 [restartedMain] INFO  o.s.b.d.e.DevToolsPropertyDefaultsPostProcessor - For additional web related logging consider setting the 'logging.level.web' property to 'DEBUG'
2024-09-03 15:33:16 [restartedMain] INFO  o.s.b.w.e.tomcat.TomcatWebServer - Tomcat initialized with port 8080 (http)
2024-09-03 15:33:16 [restartedMain] INFO  o.a.catalina.core.StandardService - Starting service [Tomcat]
2024-09-03 15:33:16 [restartedMain] INFO  o.a.catalina.core.StandardEngine - Starting Servlet engine: [Apache Tomcat/10.1.28]
2024-09-03 15:33:16 [restartedMain] INFO  o.a.c.c.C.[Tomcat].[localhost].[/] - Initializing Spring embedded WebApplicationContext
2024-09-03 15:33:16 [restartedMain] INFO  o.s.b.w.s.c.ServletWebServerApplicationContext - Root WebApplicationContext: initialization completed in 1009 ms
2024-09-03 15:33:16 [restartedMain] INFO  o.s.b.d.a.OptionalLiveReloadServer - LiveReload server is running on port 35729
2024-09-03 15:33:17 [restartedMain] INFO  o.s.b.w.e.tomcat.TomcatWebServer - Tomcat started on port 8080 (http) with context path '/'
2024-09-03 15:33:17 [restartedMain] INFO  c.u.prettylogs.PrettylogsApplication - Started PrettylogsApplication in 2.162 seconds (process running for 2.587)
2024-09-03 15:35:23 [restartedMain] INFO  c.u.prettylogs.PrettylogsApplication - Starting PrettylogsApplication using Java 17.0.12 with PID 26340 (C:\Users\Dhiraj Chaudhari\Documents\Hackathon2K24\prettylogs\prettylogs\target\classes started by Dhiraj Chaudhari in C:\Users\Dhiraj Chaudhari\Documents\Hackathon2K24\prettylogs\prettylogs)
2024-09-03 15:35:23 [restartedMain] DEBUG c.u.prettylogs.PrettylogsApplication - Running with Spring Boot v3.3.3, Spring v6.1.12
2024-09-03 15:35:23 [restartedMain] INFO  c.u.prettylogs.PrettylogsApplication - No active profile set, falling back to 1 default profile: "default"
2024-09-03 15:35:23 [restartedMain] INFO  o.s.b.d.e.DevToolsPropertyDefaultsPostProcessor - Devtools property defaults active! Set 'spring.devtools.add-properties' to 'false' to disable
2024-09-03 15:35:23 [restartedMain] INFO  o.s.b.d.e.DevToolsPropertyDefaultsPostProcessor - For additional web related logging consider setting the 'logging.level.web' property to 'DEBUG'
2024-09-03 15:35:24 [restartedMain] INFO  o.s.b.w.e.tomcat.TomcatWebServer - Tomcat initialized with port 8080 (http)
2024-09-03 15:35:24 [restartedMain] INFO  o.a.catalina.core.StandardService - Starting service [Tomcat]
2024-09-03 15:35:24 [restartedMain] INFO  o.a.catalina.core.StandardEngine - Starting Servlet engine: [Apache Tomcat/10.1.28]
2024-09-03 15:35:24 [restartedMain] INFO  o.a.c.c.C.[Tomcat].[localhost].[/] - Initializing Spring embedded WebApplicationContext
2024-09-03 15:35:24 [restartedMain] INFO  o.s.b.w.s.c.ServletWebServerApplicationContext - Root WebApplicationContext: initialization completed in 1043 ms
2024-09-03 15:35:25 [restartedMain] INFO  o.s.b.d.a.OptionalLiveReloadServer - LiveReload server is running on port 35729
2024-09-03 15:35:25 [restartedMain] INFO  o.s.b.w.e.tomcat.TomcatWebServer - Tomcat started on port 8080 (http) with context path '/'
2024-09-03 15:35:25 [restartedMain] INFO  c.u.prettylogs.PrettylogsApplication - Started PrettylogsApplication in 2.263 seconds (process running for 2.812)
2024-09-03 15:36:03 [restartedMain] INFO  c.u.prettylogs.PrettylogsApplication - Starting PrettylogsApplication using Java 17.0.12 with PID 18428 (C:\Users\Dhiraj Chaudhari\Documents\Hackathon2K24\prettylogs\prettylogs\target\classes started by Dhiraj Chaudhari in C:\Users\Dhiraj Chaudhari\Documents\Hackathon2K24\prettylogs\prettylogs)
2024-09-03 15:36:03 [restartedMain] DEBUG c.u.prettylogs.PrettylogsApplication - Running with Spring Boot v3.3.3, Spring v6.1.12
2024-09-03 15:36:03 [restartedMain] INFO  c.u.prettylogs.PrettylogsApplication - No active profile set, falling back to 1 default profile: "default"
2024-09-03 15:36:03 [restartedMain] INFO  o.s.b.d.e.DevToolsPropertyDefaultsPostProcessor - Devtools property defaults active! Set 'spring.devtools.add-properties' to 'false' to disable
2024-09-03 15:36:03 [restartedMain] INFO  o.s.b.d.e.DevToolsPropertyDefaultsPostProcessor - For additional web related logging consider setting the 'logging.level.web' property to 'DEBUG'
2024-09-03 15:36:04 [restartedMain] INFO  o.s.b.w.e.tomcat.TomcatWebServer - Tomcat initialized with port 8080 (http)
2024-09-03 15:36:04 [restartedMain] INFO  o.a.catalina.core.StandardService - Starting service [Tomcat]
2024-09-03 15:36:04 [restartedMain] INFO  o.a.catalina.core.StandardEngine - Starting Servlet engine: [Apache Tomcat/10.1.28]
2024-09-03 15:36:04 [restartedMain] INFO  o.a.c.c.C.[Tomcat].[localhost].[/] - Initializing Spring embedded WebApplicationContext
2024-09-03 15:36:04 [restartedMain] INFO  o.s.b.w.s.c.ServletWebServerApplicationContext - Root WebApplicationContext: initialization completed in 973 ms
2024-09-03 15:36:04 [restartedMain] INFO  o.s.b.d.a.OptionalLiveReloadServer - LiveReload server is running on port 35729
2024-09-03 15:36:04 [restartedMain] INFO  o.s.b.w.e.tomcat.TomcatWebServer - Tomcat started on port 8080 (http) with context path '/'
2024-09-03 15:36:04 [restartedMain] INFO  c.u.prettylogs.PrettylogsApplication - Started PrettylogsApplication in 2.098 seconds (process running for 2.485)
2024-09-03 15:38:50 [restartedMain] INFO  c.u.prettylogs.PrettylogsApplication - Starting PrettylogsApplication using Java 17.0.12 with PID 23756 (C:\Users\Dhiraj Chaudhari\Documents\Hackathon2K24\prettylogs\prettylogs\target\classes started by Dhiraj Chaudhari in C:\Users\Dhiraj Chaudhari\Documents\Hackathon2K24\prettylogs\prettylogs)
2024-09-03 15:38:50 [restartedMain] DEBUG c.u.prettylogs.PrettylogsApplication - Running with Spring Boot v3.3.3, Spring v6.1.12
2024-09-03 15:38:50 [restartedMain] INFO  c.u.prettylogs.PrettylogsApplication - No active profile set, falling back to 1 default profile: "default"
2024-09-03 15:38:50 [restartedMain] INFO  o.s.b.d.e.DevToolsPropertyDefaultsPostProcessor - Devtools property defaults active! Set 'spring.devtools.add-properties' to 'false' to disable
2024-09-03 15:38:50 [restartedMain] INFO  o.s.b.d.e.DevToolsPropertyDefaultsPostProcessor - For additional web related logging consider setting the 'logging.level.web' property to 'DEBUG'
2024-09-03 15:38:51 [restartedMain] INFO  o.s.b.w.e.tomcat.TomcatWebServer - Tomcat initialized with port 8080 (http)
2024-09-03 15:38:51 [restartedMain] INFO  o.a.catalina.core.StandardService - Starting service [Tomcat]
2024-09-03 15:38:51 [restartedMain] INFO  o.a.catalina.core.StandardEngine - Starting Servlet engine: [Apache Tomcat/10.1.28]
2024-09-03 15:38:51 [restartedMain] INFO  o.a.c.c.C.[Tomcat].[localhost].[/] - Initializing Spring embedded WebApplicationContext
2024-09-03 15:38:51 [restartedMain] INFO  o.s.b.w.s.c.ServletWebServerApplicationContext - Root WebApplicationContext: initialization completed in 993 ms
2024-09-03 15:38:51 [restartedMain] INFO  o.s.b.d.a.OptionalLiveReloadServer - LiveReload server is running on port 35729
2024-09-03 15:38:51 [restartedMain] INFO  o.s.b.w.e.tomcat.TomcatWebServer - Tomcat started on port 8080 (http) with context path '/'
2024-09-03 15:38:51 [restartedMain] INFO  c.u.prettylogs.PrettylogsApplication - Started PrettylogsApplication in 2.136 seconds (process running for 2.548)
2024-09-03 15:42:12 [restartedMain] INFO  c.u.prettylogs.PrettylogsApplication - Starting PrettylogsApplication using Java 17.0.12 with PID 22504 (C:\Users\Dhiraj Chaudhari\Documents\Hackathon2K24\prettylogs\prettylogs\target\classes started by Dhiraj Chaudhari in C:\Users\Dhiraj Chaudhari\Documents\Hackathon2K24\prettylogs\prettylogs)
2024-09-03 15:42:12 [restartedMain] DEBUG c.u.prettylogs.PrettylogsApplication - Running with Spring Boot v3.3.3, Spring v6.1.12
2024-09-03 15:42:12 [restartedMain] INFO  c.u.prettylogs.PrettylogsApplication - No active profile set, falling back to 1 default profile: "default"
2024-09-03 15:42:12 [restartedMain] INFO  o.s.b.d.e.DevToolsPropertyDefaultsPostProcessor - Devtools property defaults active! Set 'spring.devtools.add-properties' to 'false' to disable
2024-09-03 15:42:12 [restartedMain] INFO  o.s.b.d.e.DevToolsPropertyDefaultsPostProcessor - For additional web related logging consider setting the 'logging.level.web' property to 'DEBUG'
2024-09-03 15:42:13 [restartedMain] INFO  o.s.b.w.e.tomcat.TomcatWebServer - Tomcat initialized with port 8080 (http)
2024-09-03 15:42:13 [restartedMain] INFO  o.a.catalina.core.StandardService - Starting service [Tomcat]
2024-09-03 15:42:13 [restartedMain] INFO  o.a.catalina.core.StandardEngine - Starting Servlet engine: [Apache Tomcat/10.1.28]
2024-09-03 15:42:13 [restartedMain] INFO  o.a.c.c.C.[Tomcat].[localhost].[/] - Initializing Spring embedded WebApplicationContext
2024-09-03 15:42:13 [restartedMain] INFO  o.s.b.w.s.c.ServletWebServerApplicationContext - Root WebApplicationContext: initialization completed in 1008 ms
2024-09-03 15:42:13 [restartedMain] INFO  o.s.b.d.a.OptionalLiveReloadServer - LiveReload server is running on port 35729
2024-09-03 15:42:13 [restartedMain] INFO  o.s.b.w.e.tomcat.TomcatWebServer - Tomcat started on port 8080 (http) with context path '/'
2024-09-03 15:42:14 [restartedMain] INFO  c.u.prettylogs.PrettylogsApplication - Started PrettylogsApplication in 2.19 seconds (process running for 2.574)
2024-09-03 15:43:12 [restartedMain] INFO  c.u.prettylogs.PrettylogsApplication - Starting PrettylogsApplication using Java 17.0.12 with PID 2024 (C:\Users\Dhiraj Chaudhari\Documents\Hackathon2K24\prettylogs\prettylogs\target\classes started by Dhiraj Chaudhari in C:\Users\Dhiraj Chaudhari\Documents\Hackathon2K24\prettylogs\prettylogs)
2024-09-03 15:43:12 [restartedMain] DEBUG c.u.prettylogs.PrettylogsApplication - Running with Spring Boot v3.3.3, Spring v6.1.12
2024-09-03 15:43:12 [restartedMain] INFO  c.u.prettylogs.PrettylogsApplication - No active profile set, falling back to 1 default profile: "default"
2024-09-03 15:43:12 [restartedMain] INFO  o.s.b.d.e.DevToolsPropertyDefaultsPostProcessor - Devtools property defaults active! Set 'spring.devtools.add-properties' to 'false' to disable
2024-09-03 15:43:12 [restartedMain] INFO  o.s.b.d.e.DevToolsPropertyDefaultsPostProcessor - For additional web related logging consider setting the 'logging.level.web' property to 'DEBUG'
2024-09-03 15:43:13 [restartedMain] INFO  o.s.b.w.e.tomcat.TomcatWebServer - Tomcat initialized with port 8080 (http)
2024-09-03 15:43:13 [restartedMain] INFO  o.a.catalina.core.StandardService - Starting service [Tomcat]
2024-09-03 15:43:13 [restartedMain] INFO  o.a.catalina.core.StandardEngine - Starting Servlet engine: [Apache Tomcat/10.1.28]
2024-09-03 15:43:13 [restartedMain] INFO  o.a.c.c.C.[Tomcat].[localhost].[/] - Initializing Spring embedded WebApplicationContext
2024-09-03 15:43:13 [restartedMain] INFO  o.s.b.w.s.c.ServletWebServerApplicationContext - Root WebApplicationContext: initialization completed in 1027 ms
2024-09-03 15:43:14 [restartedMain] INFO  o.s.b.d.a.OptionalLiveReloadServer - LiveReload server is running on port 35729
2024-09-03 15:43:14 [restartedMain] INFO  o.s.b.w.e.tomcat.TomcatWebServer - Tomcat started on port 8080 (http) with context path '/'
2024-09-03 15:43:14 [restartedMain] INFO  c.u.prettylogs.PrettylogsApplication - Started PrettylogsApplication in 2.098 seconds (process running for 2.494)
2024-09-03 15:43:39 [restartedMain] INFO  c.u.prettylogs.PrettylogsApplication - Starting PrettylogsApplication using Java 17.0.12 with PID 23384 (C:\Users\Dhiraj Chaudhari\Documents\Hackathon2K24\prettylogs\prettylogs\target\classes started by Dhiraj Chaudhari in C:\Users\Dhiraj Chaudhari\Documents\Hackathon2K24\prettylogs\prettylogs)
2024-09-03 15:43:39 [restartedMain] DEBUG c.u.prettylogs.PrettylogsApplication - Running with Spring Boot v3.3.3, Spring v6.1.12
2024-09-03 15:43:39 [restartedMain] INFO  c.u.prettylogs.PrettylogsApplication - No active profile set, falling back to 1 default profile: "default"
2024-09-03 15:43:39 [restartedMain] INFO  o.s.b.d.e.DevToolsPropertyDefaultsPostProcessor - Devtools property defaults active! Set 'spring.devtools.add-properties' to 'false' to disable
2024-09-03 15:43:39 [restartedMain] INFO  o.s.b.d.e.DevToolsPropertyDefaultsPostProcessor - For additional web related logging consider setting the 'logging.level.web' property to 'DEBUG'
2024-09-03 15:43:40 [restartedMain] INFO  o.s.b.w.e.tomcat.TomcatWebServer - Tomcat initialized with port 8080 (http)
2024-09-03 15:43:40 [restartedMain] INFO  o.a.catalina.core.StandardService - Starting service [Tomcat]
2024-09-03 15:43:40 [restartedMain] INFO  o.a.catalina.core.StandardEngine - Starting Servlet engine: [Apache Tomcat/10.1.28]
2024-09-03 15:43:40 [restartedMain] INFO  o.a.c.c.C.[Tomcat].[localhost].[/] - Initializing Spring embedded WebApplicationContext
2024-09-03 15:43:40 [restartedMain] INFO  o.s.b.w.s.c.ServletWebServerApplicationContext - Root WebApplicationContext: initialization completed in 1028 ms
2024-09-03 15:43:40 [restartedMain] INFO  o.s.b.d.a.OptionalLiveReloadServer - LiveReload server is running on port 35729
2024-09-03 15:43:40 [restartedMain] INFO  o.s.b.w.e.tomcat.TomcatWebServer - Tomcat started on port 8080 (http) with context path '/'
2024-09-03 15:43:40 [restartedMain] INFO  c.u.prettylogs.PrettylogsApplication - Started PrettylogsApplication in 2.16 seconds (process running for 2.573)
2024-09-03 15:46:38 [restartedMain] INFO  c.u.prettylogs.PrettylogsApplication - Starting PrettylogsApplication using Java 17.0.12 with PID 7440 (C:\Users\Dhiraj Chaudhari\Documents\Hackathon2K24\prettylogs\prettylogs\target\classes started by Dhiraj Chaudhari in C:\Users\Dhiraj Chaudhari\Documents\Hackathon2K24\prettylogs\prettylogs)
2024-09-03 15:46:38 [restartedMain] DEBUG c.u.prettylogs.PrettylogsApplication - Running with Spring Boot v3.3.3, Spring v6.1.12
2024-09-03 15:46:38 [restartedMain] INFO  c.u.prettylogs.PrettylogsApplication - No active profile set, falling back to 1 default profile: "default"
2024-09-03 15:46:38 [restartedMain] INFO  o.s.b.d.e.DevToolsPropertyDefaultsPostProcessor - Devtools property defaults active! Set 'spring.devtools.add-properties' to 'false' to disable
2024-09-03 15:46:38 [restartedMain] INFO  o.s.b.d.e.DevToolsPropertyDefaultsPostProcessor - For additional web related logging consider setting the 'logging.level.web' property to 'DEBUG'
2024-09-03 15:46:40 [restartedMain] INFO  o.s.b.w.e.tomcat.TomcatWebServer - Tomcat initialized with port 8080 (http)
2024-09-03 15:46:40 [restartedMain] INFO  o.a.catalina.core.StandardService - Starting service [Tomcat]
2024-09-03 15:46:40 [restartedMain] INFO  o.a.catalina.core.StandardEngine - Starting Servlet engine: [Apache Tomcat/10.1.28]
2024-09-03 15:46:40 [restartedMain] INFO  o.a.c.c.C.[Tomcat].[localhost].[/] - Initializing Spring embedded WebApplicationContext
2024-09-03 15:46:40 [restartedMain] INFO  o.s.b.w.s.c.ServletWebServerApplicationContext - Root WebApplicationContext: initialization completed in 1151 ms
2024-09-03 15:46:40 [restartedMain] INFO  o.s.b.d.a.OptionalLiveReloadServer - LiveReload server is running on port 35729
2024-09-03 15:46:40 [restartedMain] INFO  o.s.b.w.e.tomcat.TomcatWebServer - Tomcat started on port 8080 (http) with context path '/'
2024-09-03 15:46:40 [restartedMain] INFO  c.u.prettylogs.PrettylogsApplication - Started PrettylogsApplication in 2.512 seconds (process running for 2.989)
2024-09-03 15:47:58 [restartedMain] INFO  c.u.prettylogs.PrettylogsApplication - Starting PrettylogsApplication using Java 17.0.12 with PID 18616 (C:\Users\Dhiraj Chaudhari\Documents\Hackathon2K24\prettylogs\prettylogs\target\classes started by Dhiraj Chaudhari in C:\Users\Dhiraj Chaudhari\Documents\Hackathon2K24\prettylogs\prettylogs)
2024-09-03 15:47:58 [restartedMain] DEBUG c.u.prettylogs.PrettylogsApplication - Running with Spring Boot v3.3.3, Spring v6.1.12
2024-09-03 15:47:58 [restartedMain] INFO  c.u.prettylogs.PrettylogsApplication - No active profile set, falling back to 1 default profile: "default"
2024-09-03 15:47:58 [restartedMain] INFO  o.s.b.d.e.DevToolsPropertyDefaultsPostProcessor - Devtools property defaults active! Set 'spring.devtools.add-properties' to 'false' to disable
2024-09-03 15:47:58 [restartedMain] INFO  o.s.b.d.e.DevToolsPropertyDefaultsPostProcessor - For additional web related logging consider setting the 'logging.level.web' property to 'DEBUG'
2024-09-03 15:47:59 [restartedMain] INFO  o.s.b.w.e.tomcat.TomcatWebServer - Tomcat initialized with port 8080 (http)
2024-09-03 15:47:59 [restartedMain] INFO  o.a.catalina.core.StandardService - Starting service [Tomcat]
2024-09-03 15:47:59 [restartedMain] INFO  o.a.catalina.core.StandardEngine - Starting Servlet engine: [Apache Tomcat/10.1.28]
2024-09-03 15:47:59 [restartedMain] INFO  o.a.c.c.C.[Tomcat].[localhost].[/] - Initializing Spring embedded WebApplicationContext
2024-09-03 15:47:59 [restartedMain] INFO  o.s.b.w.s.c.ServletWebServerApplicationContext - Root WebApplicationContext: initialization completed in 1244 ms
2024-09-03 15:48:00 [restartedMain] INFO  o.s.b.d.a.OptionalLiveReloadServer - LiveReload server is running on port 35729
2024-09-03 15:48:00 [restartedMain] INFO  o.s.b.w.e.tomcat.TomcatWebServer - Tomcat started on port 8080 (http) with context path '/'
2024-09-03 15:48:00 [restartedMain] INFO  c.u.prettylogs.PrettylogsApplication - Started PrettylogsApplication in 2.495 seconds (process running for 2.954)
2024-09-03 15:49:15 [restartedMain] INFO  c.u.prettylogs.PrettylogsApplication - Starting PrettylogsApplication using Java 17.0.12 with PID 16320 (C:\Users\Dhiraj Chaudhari\Documents\Hackathon2K24\prettylogs\prettylogs\target\classes started by Dhiraj Chaudhari in C:\Users\Dhiraj Chaudhari\Documents\Hackathon2K24\prettylogs\prettylogs)
2024-09-03 15:49:15 [restartedMain] DEBUG c.u.prettylogs.PrettylogsApplication - Running with Spring Boot v3.3.3, Spring v6.1.12
2024-09-03 15:49:15 [restartedMain] INFO  c.u.prettylogs.PrettylogsApplication - No active profile set, falling back to 1 default profile: "default"
2024-09-03 15:49:15 [restartedMain] INFO  o.s.b.d.e.DevToolsPropertyDefaultsPostProcessor - Devtools property defaults active! Set 'spring.devtools.add-properties' to 'false' to disable
2024-09-03 15:49:15 [restartedMain] INFO  o.s.b.d.e.DevToolsPropertyDefaultsPostProcessor - For additional web related logging consider setting the 'logging.level.web' property to 'DEBUG'
2024-09-03 15:49:16 [restartedMain] INFO  o.s.b.w.e.tomcat.TomcatWebServer - Tomcat initialized with port 8080 (http)
2024-09-03 15:49:16 [restartedMain] INFO  o.a.catalina.core.StandardService - Starting service [Tomcat]
2024-09-03 15:49:16 [restartedMain] INFO  o.a.catalina.core.StandardEngine - Starting Servlet engine: [Apache Tomcat/10.1.28]
2024-09-03 15:49:16 [restartedMain] INFO  o.a.c.c.C.[Tomcat].[localhost].[/] - Initializing Spring embedded WebApplicationContext
2024-09-03 15:49:16 [restartedMain] INFO  o.s.b.w.s.c.ServletWebServerApplicationContext - Root WebApplicationContext: initialization completed in 1023 ms
2024-09-03 15:49:17 [restartedMain] INFO  o.s.b.d.a.OptionalLiveReloadServer - LiveReload server is running on port 35729
2024-09-03 15:49:17 [restartedMain] INFO  o.s.b.w.e.tomcat.TomcatWebServer - Tomcat started on port 8080 (http) with context path '/'
2024-09-03 15:49:17 [restartedMain] INFO  c.u.prettylogs.PrettylogsApplication - Started PrettylogsApplication in 2.232 seconds (process running for 2.621)
2024-09-03 15:49:48 [restartedMain] INFO  c.u.prettylogs.PrettylogsApplication - Starting PrettylogsApplication using Java 17.0.12 with PID 21280 (C:\Users\Dhiraj Chaudhari\Documents\Hackathon2K24\prettylogs\prettylogs\target\classes started by Dhiraj Chaudhari in C:\Users\Dhiraj Chaudhari\Documents\Hackathon2K24\prettylogs\prettylogs)
2024-09-03 15:49:48 [restartedMain] DEBUG c.u.prettylogs.PrettylogsApplication - Running with Spring Boot v3.3.3, Spring v6.1.12
2024-09-03 15:49:48 [restartedMain] INFO  c.u.prettylogs.PrettylogsApplication - No active profile set, falling back to 1 default profile: "default"
2024-09-03 15:49:48 [restartedMain] INFO  o.s.b.d.e.DevToolsPropertyDefaultsPostProcessor - Devtools property defaults active! Set 'spring.devtools.add-properties' to 'false' to disable
2024-09-03 15:49:48 [restartedMain] INFO  o.s.b.d.e.DevToolsPropertyDefaultsPostProcessor - For additional web related logging consider setting the 'logging.level.web' property to 'DEBUG'
2024-09-03 15:49:49 [restartedMain] INFO  o.s.b.w.e.tomcat.TomcatWebServer - Tomcat initialized with port 8080 (http)
2024-09-03 15:49:49 [restartedMain] INFO  o.a.catalina.core.StandardService - Starting service [Tomcat]
2024-09-03 15:49:49 [restartedMain] INFO  o.a.catalina.core.StandardEngine - Starting Servlet engine: [Apache Tomcat/10.1.28]
2024-09-03 15:49:49 [restartedMain] INFO  o.a.c.c.C.[Tomcat].[localhost].[/] - Initializing Spring embedded WebApplicationContext
2024-09-03 15:49:49 [restartedMain] INFO  o.s.b.w.s.c.ServletWebServerApplicationContext - Root WebApplicationContext: initialization completed in 1078 ms
2024-09-03 15:49:50 [restartedMain] INFO  o.s.b.d.a.OptionalLiveReloadServer - LiveReload server is running on port 35729
2024-09-03 15:49:50 [restartedMain] INFO  o.s.b.w.e.tomcat.TomcatWebServer - Tomcat started on port 8080 (http) with context path '/'
2024-09-03 15:49:50 [restartedMain] INFO  c.u.prettylogs.PrettylogsApplication - Started PrettylogsApplication in 2.322 seconds (process running for 2.703)
2024-09-03 15:50:26 [restartedMain] INFO  c.u.prettylogs.PrettylogsApplication - Starting PrettylogsApplication using Java 17.0.12 with PID 22512 (C:\Users\Dhiraj Chaudhari\Documents\Hackathon2K24\prettylogs\prettylogs\target\classes started by Dhiraj Chaudhari in C:\Users\Dhiraj Chaudhari\Documents\Hackathon2K24\prettylogs\prettylogs)
2024-09-03 15:50:26 [restartedMain] DEBUG c.u.prettylogs.PrettylogsApplication - Running with Spring Boot v3.3.3, Spring v6.1.12
2024-09-03 15:50:26 [restartedMain] INFO  c.u.prettylogs.PrettylogsApplication - No active profile set, falling back to 1 default profile: "default"
2024-09-03 15:50:26 [restartedMain] INFO  o.s.b.d.e.DevToolsPropertyDefaultsPostProcessor - Devtools property defaults active! Set 'spring.devtools.add-properties' to 'false' to disable
2024-09-03 15:50:26 [restartedMain] INFO  o.s.b.d.e.DevToolsPropertyDefaultsPostProcessor - For additional web related logging consider setting the 'logging.level.web' property to 'DEBUG'
2024-09-03 15:50:27 [restartedMain] INFO  o.s.b.w.e.tomcat.TomcatWebServer - Tomcat initialized with port 8080 (http)
2024-09-03 15:50:27 [restartedMain] INFO  o.a.catalina.core.StandardService - Starting service [Tomcat]
2024-09-03 15:50:27 [restartedMain] INFO  o.a.catalina.core.StandardEngine - Starting Servlet engine: [Apache Tomcat/10.1.28]
2024-09-03 15:50:27 [restartedMain] INFO  o.a.c.c.C.[Tomcat].[localhost].[/] - Initializing Spring embedded WebApplicationContext
2024-09-03 15:50:27 [restartedMain] INFO  o.s.b.w.s.c.ServletWebServerApplicationContext - Root WebApplicationContext: initialization completed in 996 ms
2024-09-03 15:50:28 [restartedMain] INFO  o.s.b.d.a.OptionalLiveReloadServer - LiveReload server is running on port 35729
2024-09-03 15:50:28 [restartedMain] INFO  o.s.b.w.e.tomcat.TomcatWebServer - Tomcat started on port 8080 (http) with context path '/'
2024-09-03 15:50:28 [restartedMain] INFO  c.u.prettylogs.PrettylogsApplication - Started PrettylogsApplication in 2.226 seconds (process running for 2.625)
2024-09-03 16:24:44 [restartedMain] INFO  c.u.prettylogs.PrettylogsApplication - Starting PrettylogsApplication using Java 17.0.12 with PID 16420 (C:\Users\Dhiraj Chaudhari\Documents\Hackathon2K24\prettylogs\prettylogs\target\classes started by Dhiraj Chaudhari in C:\Users\Dhiraj Chaudhari\Documents\Hackathon2K24\prettylogs\prettylogs)
2024-09-03 16:24:44 [restartedMain] DEBUG c.u.prettylogs.PrettylogsApplication - Running with Spring Boot v3.3.3, Spring v6.1.12
2024-09-03 16:24:44 [restartedMain] INFO  c.u.prettylogs.PrettylogsApplication - No active profile set, falling back to 1 default profile: "default"
2024-09-03 16:24:44 [restartedMain] INFO  o.s.b.d.e.DevToolsPropertyDefaultsPostProcessor - Devtools property defaults active! Set 'spring.devtools.add-properties' to 'false' to disable
2024-09-03 16:24:44 [restartedMain] INFO  o.s.b.d.e.DevToolsPropertyDefaultsPostProcessor - For additional web related logging consider setting the 'logging.level.web' property to 'DEBUG'
2024-09-03 16:24:45 [restartedMain] INFO  o.s.b.w.e.tomcat.TomcatWebServer - Tomcat initialized with port 8080 (http)
2024-09-03 16:24:45 [restartedMain] INFO  o.a.catalina.core.StandardService - Starting service [Tomcat]
2024-09-03 16:24:45 [restartedMain] INFO  o.a.catalina.core.StandardEngine - Starting Servlet engine: [Apache Tomcat/10.1.28]
2024-09-03 16:24:45 [restartedMain] INFO  o.a.c.c.C.[Tomcat].[localhost].[/] - Initializing Spring embedded WebApplicationContext
2024-09-03 16:24:45 [restartedMain] INFO  o.s.b.w.s.c.ServletWebServerApplicationContext - Root WebApplicationContext: initialization completed in 996 ms
2024-09-03 16:24:46 [restartedMain] INFO  o.s.b.d.a.OptionalLiveReloadServer - LiveReload server is running on port 35729
2024-09-03 16:24:46 [restartedMain] INFO  o.s.b.w.e.tomcat.TomcatWebServer - Tomcat started on port 8080 (http) with context path '/'
2024-09-03 16:24:46 [restartedMain] INFO  c.u.prettylogs.PrettylogsApplication - Started PrettylogsApplication in 2.142 seconds (process running for 2.535)
2024-09-03 16:25:27 [restartedMain] INFO  c.u.prettylogs.PrettylogsApplication - Starting PrettylogsApplication using Java 17.0.12 with PID 380 (C:\Users\Dhiraj Chaudhari\Documents\Hackathon2K24\prettylogs\prettylogs\target\classes started by Dhiraj Chaudhari in C:\Users\Dhiraj Chaudhari\Documents\Hackathon2K24\prettylogs\prettylogs)
2024-09-03 16:25:27 [restartedMain] DEBUG c.u.prettylogs.PrettylogsApplication - Running with Spring Boot v3.3.3, Spring v6.1.12
2024-09-03 16:25:27 [restartedMain] INFO  c.u.prettylogs.PrettylogsApplication - No active profile set, falling back to 1 default profile: "default"
2024-09-03 16:25:27 [restartedMain] INFO  o.s.b.d.e.DevToolsPropertyDefaultsPostProcessor - Devtools property defaults active! Set 'spring.devtools.add-properties' to 'false' to disable
2024-09-03 16:25:27 [restartedMain] INFO  o.s.b.d.e.DevToolsPropertyDefaultsPostProcessor - For additional web related logging consider setting the 'logging.level.web' property to 'DEBUG'
2024-09-03 16:25:29 [restartedMain] INFO  o.s.b.w.e.tomcat.TomcatWebServer - Tomcat initialized with port 8080 (http)
2024-09-03 16:25:29 [restartedMain] INFO  o.a.catalina.core.StandardService - Starting service [Tomcat]
2024-09-03 16:25:29 [restartedMain] INFO  o.a.catalina.core.StandardEngine - Starting Servlet engine: [Apache Tomcat/10.1.28]
2024-09-03 16:25:29 [restartedMain] INFO  o.a.c.c.C.[Tomcat].[localhost].[/] - Initializing Spring embedded WebApplicationContext
2024-09-03 16:25:29 [restartedMain] INFO  o.s.b.w.s.c.ServletWebServerApplicationContext - Root WebApplicationContext: initialization completed in 1191 ms
2024-09-03 16:25:29 [restartedMain] INFO  o.s.b.d.a.OptionalLiveReloadServer - LiveReload server is running on port 35729
2024-09-03 16:25:29 [restartedMain] INFO  o.s.b.w.e.tomcat.TomcatWebServer - Tomcat started on port 8080 (http) with context path '/'
2024-09-03 16:25:29 [restartedMain] INFO  c.u.prettylogs.PrettylogsApplication - Started PrettylogsApplication in 2.356 seconds (process running for 2.763)
2024-09-03 16:26:57 [restartedMain] INFO  c.u.prettylogs.PrettylogsApplication - Starting PrettylogsApplication using Java 17.0.12 with PID 20492 (C:\Users\Dhiraj Chaudhari\Documents\Hackathon2K24\prettylogs\prettylogs\target\classes started by Dhiraj Chaudhari in C:\Users\Dhiraj Chaudhari\Documents\Hackathon2K24\prettylogs\prettylogs)
2024-09-03 16:26:57 [restartedMain] DEBUG c.u.prettylogs.PrettylogsApplication - Running with Spring Boot v3.3.3, Spring v6.1.12
2024-09-03 16:26:57 [restartedMain] INFO  c.u.prettylogs.PrettylogsApplication - No active profile set, falling back to 1 default profile: "default"
2024-09-03 16:26:57 [restartedMain] INFO  o.s.b.d.e.DevToolsPropertyDefaultsPostProcessor - Devtools property defaults active! Set 'spring.devtools.add-properties' to 'false' to disable
2024-09-03 16:26:57 [restartedMain] INFO  o.s.b.d.e.DevToolsPropertyDefaultsPostProcessor - For additional web related logging consider setting the 'logging.level.web' property to 'DEBUG'
2024-09-03 16:26:58 [restartedMain] INFO  o.s.b.w.e.tomcat.TomcatWebServer - Tomcat initialized with port 8080 (http)
2024-09-03 16:26:58 [restartedMain] INFO  o.a.catalina.core.StandardService - Starting service [Tomcat]
2024-09-03 16:26:58 [restartedMain] INFO  o.a.catalina.core.StandardEngine - Starting Servlet engine: [Apache Tomcat/10.1.28]
2024-09-03 16:26:58 [restartedMain] INFO  o.a.c.c.C.[Tomcat].[localhost].[/] - Initializing Spring embedded WebApplicationContext
2024-09-03 16:26:58 [restartedMain] INFO  o.s.b.w.s.c.ServletWebServerApplicationContext - Root WebApplicationContext: initialization completed in 1029 ms
2024-09-03 16:26:59 [restartedMain] INFO  o.s.b.d.a.OptionalLiveReloadServer - LiveReload server is running on port 35729
2024-09-03 16:26:59 [restartedMain] INFO  o.s.b.w.e.tomcat.TomcatWebServer - Tomcat started on port 8080 (http) with context path '/'
2024-09-03 16:26:59 [restartedMain] INFO  c.u.prettylogs.PrettylogsApplication - Started PrettylogsApplication in 2.184 seconds (process running for 2.58)
2024-09-03 16:30:33 [restartedMain] INFO  c.u.prettylogs.PrettylogsApplication - Starting PrettylogsApplication using Java 17.0.12 with PID 14724 (C:\Users\Dhiraj Chaudhari\Documents\Hackathon2K24\prettylogs\prettylogs\target\classes started by Dhiraj Chaudhari in C:\Users\Dhiraj Chaudhari\Documents\Hackathon2K24\prettylogs\prettylogs)
2024-09-03 16:30:33 [restartedMain] DEBUG c.u.prettylogs.PrettylogsApplication - Running with Spring Boot v3.3.3, Spring v6.1.12
2024-09-03 16:30:33 [restartedMain] INFO  c.u.prettylogs.PrettylogsApplication - No active profile set, falling back to 1 default profile: "default"
2024-09-03 16:30:33 [restartedMain] INFO  o.s.b.d.e.DevToolsPropertyDefaultsPostProcessor - Devtools property defaults active! Set 'spring.devtools.add-properties' to 'false' to disable
2024-09-03 16:30:33 [restartedMain] INFO  o.s.b.d.e.DevToolsPropertyDefaultsPostProcessor - For additional web related logging consider setting the 'logging.level.web' property to 'DEBUG'
2024-09-03 16:30:34 [restartedMain] INFO  o.s.b.w.e.tomcat.TomcatWebServer - Tomcat initialized with port 8080 (http)
2024-09-03 16:30:34 [restartedMain] INFO  o.a.catalina.core.StandardService - Starting service [Tomcat]
2024-09-03 16:30:34 [restartedMain] INFO  o.a.catalina.core.StandardEngine - Starting Servlet engine: [Apache Tomcat/10.1.28]
2024-09-03 16:30:34 [restartedMain] INFO  o.a.c.c.C.[Tomcat].[localhost].[/] - Initializing Spring embedded WebApplicationContext
2024-09-03 16:30:34 [restartedMain] INFO  o.s.b.w.s.c.ServletWebServerApplicationContext - Root WebApplicationContext: initialization completed in 1185 ms
2024-09-03 16:30:35 [restartedMain] INFO  o.s.b.d.a.OptionalLiveReloadServer - LiveReload server is running on port 35729
2024-09-03 16:30:35 [restartedMain] INFO  o.s.b.w.e.tomcat.TomcatWebServer - Tomcat started on port 8080 (http) with context path '/'
2024-09-03 16:30:35 [restartedMain] INFO  c.u.prettylogs.PrettylogsApplication - Started PrettylogsApplication in 2.65 seconds (process running for 3.063)
2024-09-03 16:37:32 [restartedMain] INFO  c.u.prettylogs.PrettylogsApplication - Starting PrettylogsApplication using Java 17.0.12 with PID 10980 (C:\Users\Dhiraj Chaudhari\Documents\Hackathon2K24\prettylogs\prettylogs\target\classes started by Dhiraj Chaudhari in C:\Users\Dhiraj Chaudhari\Documents\Hackathon2K24\prettylogs\prettylogs)
2024-09-03 16:37:32 [restartedMain] DEBUG c.u.prettylogs.PrettylogsApplication - Running with Spring Boot v3.3.3, Spring v6.1.12
2024-09-03 16:37:32 [restartedMain] INFO  c.u.prettylogs.PrettylogsApplication - No active profile set, falling back to 1 default profile: "default"
2024-09-03 16:37:32 [restartedMain] INFO  o.s.b.d.e.DevToolsPropertyDefaultsPostProcessor - Devtools property defaults active! Set 'spring.devtools.add-properties' to 'false' to disable
2024-09-03 16:37:32 [restartedMain] INFO  o.s.b.d.e.DevToolsPropertyDefaultsPostProcessor - For additional web related logging consider setting the 'logging.level.web' property to 'DEBUG'
2024-09-03 16:37:33 [restartedMain] INFO  o.s.b.w.e.tomcat.TomcatWebServer - Tomcat initialized with port 8080 (http)
2024-09-03 16:37:33 [restartedMain] INFO  o.a.catalina.core.StandardService - Starting service [Tomcat]
2024-09-03 16:37:33 [restartedMain] INFO  o.a.catalina.core.StandardEngine - Starting Servlet engine: [Apache Tomcat/10.1.28]
2024-09-03 16:37:33 [restartedMain] INFO  o.a.c.c.C.[Tomcat].[localhost].[/] - Initializing Spring embedded WebApplicationContext
2024-09-03 16:37:33 [restartedMain] INFO  o.s.b.w.s.c.ServletWebServerApplicationContext - Root WebApplicationContext: initialization completed in 1101 ms
2024-09-03 16:37:34 [restartedMain] INFO  o.s.b.d.a.OptionalLiveReloadServer - LiveReload server is running on port 35729
2024-09-03 16:37:34 [restartedMain] INFO  o.s.b.w.e.tomcat.TomcatWebServer - Tomcat started on port 8080 (http) with context path '/'
2024-09-03 16:37:34 [restartedMain] INFO  c.u.prettylogs.PrettylogsApplication - Started PrettylogsApplication in 2.364 seconds (process running for 2.841)
2024-09-03 17:57:48 [restartedMain] INFO  c.u.prettylogs.PrettylogsApplication - Starting PrettylogsApplication using Java 17.0.12 with PID 11044 (C:\Users\Dhiraj Chaudhari\Documents\Hackathon2K24\prettylogs\prettylogs\target\classes started by Dhiraj Chaudhari in C:\Users\Dhiraj Chaudhari\Documents\Hackathon2K24\prettylogs\prettylogs)
2024-09-03 17:57:48 [restartedMain] DEBUG c.u.prettylogs.PrettylogsApplication - Running with Spring Boot v3.3.3, Spring v6.1.12
2024-09-03 17:57:48 [restartedMain] INFO  c.u.prettylogs.PrettylogsApplication - No active profile set, falling back to 1 default profile: "default"
2024-09-03 17:57:48 [restartedMain] INFO  o.s.b.d.e.DevToolsPropertyDefaultsPostProcessor - Devtools property defaults active! Set 'spring.devtools.add-properties' to 'false' to disable
2024-09-03 17:57:48 [restartedMain] INFO  o.s.b.d.e.DevToolsPropertyDefaultsPostProcessor - For additional web related logging consider setting the 'logging.level.web' property to 'DEBUG'
2024-09-03 17:57:49 [restartedMain] INFO  o.s.b.w.e.tomcat.TomcatWebServer - Tomcat initialized with port 8080 (http)
2024-09-03 17:57:49 [restartedMain] INFO  o.a.catalina.core.StandardService - Starting service [Tomcat]
2024-09-03 17:57:49 [restartedMain] INFO  o.a.catalina.core.StandardEngine - Starting Servlet engine: [Apache Tomcat/10.1.28]
2024-09-03 17:57:49 [restartedMain] INFO  o.a.c.c.C.[Tomcat].[localhost].[/] - Initializing Spring embedded WebApplicationContext
2024-09-03 17:57:49 [restartedMain] INFO  o.s.b.w.s.c.ServletWebServerApplicationContext - Root WebApplicationContext: initialization completed in 1462 ms
2024-09-03 17:57:50 [restartedMain] INFO  o.s.b.d.a.OptionalLiveReloadServer - LiveReload server is running on port 35729
2024-09-03 17:57:50 [restartedMain] INFO  o.s.b.w.e.tomcat.TomcatWebServer - Tomcat started on port 8080 (http) with context path '/'
2024-09-03 17:57:50 [restartedMain] INFO  c.u.prettylogs.PrettylogsApplication - Started PrettylogsApplication in 2.981 seconds (process running for 3.513)
2024-09-03 17:59:41 [http-nio-8080-exec-1] INFO  o.a.c.c.C.[Tomcat].[localhost].[/] - Initializing Spring DispatcherServlet 'dispatcherServlet'
2024-09-03 17:59:41 [http-nio-8080-exec-1] INFO  o.s.web.servlet.DispatcherServlet - Initializing Servlet 'dispatcherServlet'
2024-09-03 17:59:41 [http-nio-8080-exec-1] INFO  o.s.web.servlet.DispatcherServlet - Completed initialization in 1 ms
